<?xml version="1.0" encoding="UTF-8"?>
<!-- Generated by org.testng.reporters.JUnitReportReporter -->
<testsuite hostname="DESKTOP-6RPFJDI" failures="0" tests="1" name="testpackage.Manatest" time="61.772" errors="0" timestamp="2024-09-16T13:03:56 IST" skipped="0">
  <testcase classname="testpackage.Manatest" name="test" time="61.772"/>
</testsuite> <!-- testpackage.Manatest -->
